2025-03-07 21:06:21.3815 [INFO; Root]  KinematicSoup Technologies Inc.
2025-03-07 21:06:21.3923 [INFO; Root]  Scene Fusion Server 2.0.3asl
2025-03-07 21:06:21.4417 [DEBUG; Root]  Loading Asset Scripts
2025-03-07 21:06:21.4442 [DEBUG; Root]  Loading Room Configs
2025-03-07 21:06:21.4472 [DEBUG; Root]  Loading entity prefabs
2025-03-07 21:06:21.4473 [DEBUG; Root]  Loading entity instances
2025-03-07 21:06:21.4482 [DEBUG; Root]  Initializing scripts
2025-03-07 21:06:21.4643 [INFO; Root]  Loading config.json
2025-03-07 21:06:21.4646 [INFO; Root]  ProjectId: 1
2025-03-07 21:06:21.4646 [INFO; Root]  Tier: SF Unity LAN
2025-03-07 21:06:21.4647 [INFO; Root]  Terrain Editing: True
2025-03-07 21:06:21.4647 [INFO; Root]  Object Limit: Unlimited
2025-03-07 21:06:21.5517 [DEBUG; Root]  Room setup complete
2025-03-07 21:06:21.5527 [INFO;  .⁋]  Starting room 0
2025-03-07 21:06:21.5528 [INFO; Root]  Sending client updates every 6 frames
2025-03-07 21:06:21.5530 [INFO; Root]  Setting player limit to 2
2025-03-07 21:06:21.5531 [INFO; Root]  Opening TCP port 12345
2025-03-07 21:06:23.1992 [INFO; Root]  Client(id = 1, address = 127.0.0.1:55585) connected
2025-03-07 21:06:23.1997 [DEBUG; Root]  Client(id = 1, address = 127.0.0.1:55585) model validated
2025-03-07 21:06:23.2287 [DEBUG; Root]  Client(id = 1, address = 127.0.0.1:55585) authenticated
2025-03-07 21:06:23.2460 [INFO; KS.SceneFusion2.Server.srAuthenticationManager]  Connection [account = Komfort1306, address = 127.0.0.1]
2025-03-07 21:06:23.4095 [DEBUG; KS.SceneFusion2.Server.srObjectManager]  Created 1 object(s).
Total: 80 B (1), SceneSubscriptions: 41 B (1), String Table: 39 B
2025-03-07 21:06:23.4123 [DEBUG; KS.SceneFusion2.Server.srObjectManager]  Created 1 object(s).
Total: 105 B (2), String Table: 48 B, SceneSubscriptions: 41 B (1), SceneLock: 16 B (1)
2025-03-07 21:06:23.4132 [DEBUG; KS.SceneFusion2.Server.srObjectManager]  Created 1 object(s).
Total: 362 B (3), Avatar: 174 B (1), String Table: 131 B, SceneSubscriptions: 41 B (1), SceneLock: 16 B (1)
2025-03-07 21:06:23.6522 [DEBUG; KS.SceneFusion2.Server.srObjectManager]  Created 1 object(s).
Total: 546 B (4), String Table: 245 B, Avatar: 174 B (1), SceneSubscriptions: 57 B (1), AssetPath: 54 B (1), SceneLock: 16 B (1)
2025-03-07 21:06:23.6523 [DEBUG; KS.SceneFusion2.Server.srObjectManager]  Created 1 object(s).
Total: 665 B (5), String Table: 310 B, Avatar: 174 B (1), AssetPath: 108 B (2), SceneSubscriptions: 57 B (1), SceneLock: 16 B (1)
2025-03-07 21:06:23.6524 [DEBUG; KS.SceneFusion2.Server.srObjectManager]  Created 1 object(s).
Total: 747 B (6), String Table: 338 B, Avatar: 174 B (1), AssetPath: 162 B (3), SceneSubscriptions: 57 B (1), SceneLock: 16 B (1)
2025-03-07 21:06:23.6525 [DEBUG; KS.SceneFusion2.Server.srObjectManager]  Created 1 object(s).
Total: 835 B (7), String Table: 372 B, AssetPath: 216 B (4), Avatar: 174 B (1), SceneSubscriptions: 57 B (1), SceneLock: 16 B (1)
2025-03-07 21:06:23.6538 [DEBUG; KS.SceneFusion2.Server.srObjectManager]  Created 1 object(s).
Total: 3,01 kB (8), Asset: 1,51 kB (1), String Table: 1,04 kB, AssetPath: 216 B (4), Avatar: 174 B (1), SceneSubscriptions: 57 B (1), SceneLock: 16 B (1)
2025-03-07 21:06:23.6540 [DEBUG; KS.SceneFusion2.Server.srObjectManager]  Created 1 object(s).
Total: 3,15 kB (9), Asset: 1,51 kB (1), String Table: 1,14 kB, AssetPath: 256 B (5), Avatar: 174 B (1), SceneSubscriptions: 57 B (1), SceneLock: 16 B (1)
2025-03-07 21:06:23.6546 [DEBUG; KS.SceneFusion2.Server.srObjectManager]  Created 1 object(s).
Total: 4,99 kB (10), Asset: 2,96 kB (2), String Table: 1,52 kB, AssetPath: 256 B (5), Avatar: 174 B (1), SceneSubscriptions: 57 B (1), SceneLock: 16 B (1)
2025-03-07 21:06:23.6547 [DEBUG; KS.SceneFusion2.Server.srObjectManager]  Created 1 object(s).
Total: 5,06 kB (11), Asset: 2,96 kB (2), String Table: 1,54 kB, AssetPath: 310 B (6), Avatar: 174 B (1), SceneSubscriptions: 57 B (1), SceneLock: 16 B (1)
2025-03-07 21:06:23.6547 [DEBUG; KS.SceneFusion2.Server.srObjectManager]  Created 1 object(s).
Total: 5,14 kB (12), Asset: 2,96 kB (2), String Table: 1,56 kB, AssetPath: 364 B (7), Avatar: 174 B (1), SceneSubscriptions: 57 B (1), SceneLock: 16 B (1)
2025-03-07 21:06:23.6591 [DEBUG; KS.SceneFusion2.Server.srObjectManager]  Created 74 object(s).
Total: 12,2 kB (86), String Table: 3,75 kB, Asset: 2,96 kB (2), Component: 2,75 kB (56), LightmapSettings: 836 B (1), GameObject: 705 B (13), RenderSettings: 503 B (1), AssetPath: 364 B (7), Avatar: 174 B (1), OcclusionSettings: 67 B (1), SceneSubscriptions: 57 B (1), Scene: 24 B (1), SceneLock: 16 B (1), Hierarchy: 16 B (1)
2025-03-07 21:06:32.8750 [INFO; Root]  Client(id = 1, address = 127.0.0.1:55585) disconnected: 2-End of file
2025-03-07 21:06:32.8956 [INFO; KS.SceneFusion2.Server.srAuthenticationManager]  Disconnection [account = Komfort1306, address = 127.0.0.1]
2025-03-07 21:06:32.9039 [DEBUG; KS.SceneFusion2.Server.srObjectManager]  Deleted 2 object(s).
Total: 12 kB (84), String Table: 3,75 kB, Asset: 2,96 kB (2), Component: 2,75 kB (56), LightmapSettings: 836 B (1), GameObject: 705 B (13), RenderSettings: 503 B (1), AssetPath: 364 B (7), OcclusionSettings: 67 B (1), Scene: 24 B (1), SceneLock: 16 B (1), Hierarchy: 16 B (1)
2025-03-07 21:06:32.9065 [INFO; KS.SceneFusion2.Server.srAuthenticationManager]  Shutting down because no users are connected.
2025-03-07 21:06:38.5607 [INFO; Root]  Closing TCP port 12345
